--- SUMMARY ---

==3593== NVPROF is profiling process 3593, command: ./solver
==3593== Profiling application: ./solver
==3593== Profiling result:
            Type  Time(%)      Time     Calls       Avg       Min       Max  Name
 GPU activities:   79.07%  1.31685s         4  329.21ms  329.16ms  329.31ms  [CUDA memcpy DtoH]
                   20.72%  345.04ms         4  86.260ms  86.141ms  86.393ms  solver(integrationSettings, double*)
                    0.22%  3.5888ms         9  398.76us  1.3120us  900.13us  [CUDA memcpy HtoD]
No API activities were profiled.


--- SPECIFIC METRICS AND EVENTS ---

==3616== NVPROF is profiling process 3616, command: ./solver
==3616== Some kernel(s) will be replayed on device 0 in order to collect all events/metrics.
==3616== Profiling application: ./solver
==3616== Profiling result:
==3616== Event result:
Invocations                                Event Name         Min         Max         Avg       Total
Device "GeForce GTX TITAN Black (0)"
    Kernel: solver(integrationSettings, double*)
          1                         elapsed_cycles_sm  1150336122  1150336122  1150336122  1150336122
          1                             active_cycles  1109645247  1109645247  1109645247  1109645247

==3616== Metric result:
Invocations                               Metric Name                            Metric Description         Min         Max         Avg
Device "GeForce GTX TITAN Black (0)"
    Kernel: solver(integrationSettings, double*)
          1                             sm_efficiency                       Multiprocessor Activity      96.12%      96.12%      96.12%
          1                        achieved_occupancy                            Achieved Occupancy    0.260714    0.260714    0.260714
          1                  eligible_warps_per_cycle               Eligible Warps Per Active Cycle    1.882583    1.882583    1.882583
          1                      tex_cache_throughput                      Texture Cache Throughput  0.00000B/s  0.00000B/s  0.00000B/s
          1                      dram_read_throughput                 Device Memory Read Throughput  21.449GB/s  21.449GB/s  21.449GB/s
          1                     dram_write_throughput                Device Memory Write Throughput  39.653GB/s  39.653GB/s  39.653GB/s
          1                            gst_throughput                       Global Store Throughput  32.046GB/s  32.046GB/s  32.046GB/s
          1                            gld_throughput                        Global Load Throughput  108.72GB/s  108.72GB/s  108.72GB/s
          1                     local_load_throughput                  Local Memory Load Throughput  148.69GB/s  148.69GB/s  148.69GB/s
          1                    local_store_throughput                 Local Memory Store Throughput  2.9528GB/s  2.9528GB/s  2.9528GB/s
          1              gld_transactions_per_request          Global Load Transactions Per Request    1.429140    1.429140    1.429140
          1              gst_transactions_per_request         Global Store Transactions Per Request    1.799996    1.799996    1.799996
          1                    shared_load_throughput                 Shared Memory Load Throughput  0.00000B/s  0.00000B/s  0.00000B/s
          1                  l1_cache_global_hit_rate                            L1 Global Hit Rate       0.00%       0.00%       0.00%
          1                   l1_cache_local_hit_rate                             L1 Local Hit Rate      16.44%      16.44%      16.44%
          1                   shared_store_throughput                Shared Memory Store Throughput  1.5905MB/s  1.5905MB/s  1.5905MB/s
          1                        l2_read_throughput                         L2 Throughput (Reads)  234.41GB/s  234.41GB/s  234.41GB/s
          1                       l2_write_throughput                        L2 Throughput (Writes)  39.858GB/s  39.858GB/s  39.858GB/s
          1                     l2_l1_read_throughput                      L2 Throughput (L1 Reads)  234.63GB/s  234.63GB/s  234.63GB/s
          1                    l2_l1_write_throughput                     L2 Throughput (L1 Writes)  39.780GB/s  39.780GB/s  39.780GB/s
          1                l2_texture_read_throughput                 L2 Throughput (Texture Reads)  0.00000B/s  0.00000B/s  0.00000B/s
          1                            gld_efficiency                 Global Memory Load Efficiency      89.31%      89.31%      89.31%
          1                            gst_efficiency                Global Memory Store Efficiency      97.73%      97.73%      97.73%
          1                         shared_efficiency                      Shared Memory Efficiency     100.00%     100.00%     100.00%
          1                             flop_count_dp   Floating Point Operations(Double Precision)  1.4380e+10  1.4380e+10  1.4380e+10
          1                              inst_integer                          Integer Instructions  9264234496  9264234496  9264234496
          1                        inst_compute_ld_st                       Load/Store Instructions  4679581696  4679581696  4679581696
          1                        flop_dp_efficiency                  FLOP Efficiency(Peak Double)       9.77%       9.77%       9.77%
          1                     l1_shared_utilization                  L1/Shared Memory Utilization     Low (1)     Low (1)     Low (1)
          1                            l2_utilization                          L2 Cache Utilization     Low (2)     Low (2)     Low (2)
          1                           tex_utilization                     Texture Cache Utilization    Idle (0)    Idle (0)    Idle (0)
          1                          dram_utilization                     Device Memory Utilization     Low (2)     Low (2)     Low (2)
          1                        sysmem_utilization                     System Memory Utilization     Low (1)     Low (1)     Low (1)
          1                       ldst_fu_utilization          Load/Store Function Unit Utilization     Low (3)     Low (3)     Low (3)
          1                        alu_fu_utilization          Arithmetic Function Unit Utilization     Low (3)     Low (3)     Low (3)
          1                        tex_fu_utilization             Texture Function Unit Utilization    Idle (0)    Idle (0)    Idle (0)
          1                           stall_pipe_busy               Issue Stall Reasons (Pipe Busy)       2.17%       2.17%       2.17%
          1                     stall_exec_dependency    Issue Stall Reasons (Execution Dependency)      43.97%      43.97%      43.97%
          1                   stall_memory_dependency            Issue Stall Reasons (Data Request)      30.26%      30.26%      30.26%
          1                          stall_inst_fetch      Issue Stall Reasons (Instructions Fetch)       6.13%       6.13%       6.13%
          1                             stall_texture                 Issue Stall Reasons (Texture)       0.00%       0.00%       0.00%
          1                        stall_not_selected            Issue Stall Reasons (Not Selected)       3.91%       3.91%       3.91%
          1          stall_constant_memory_dependency      Issue Stall Reasons (Immediate constant)       0.00%       0.00%       0.00%
          1                     stall_memory_throttle         Issue Stall Reasons (Memory Throttle)      12.24%      12.24%      12.24%
          1                                stall_sync         Issue Stall Reasons (Synchronization)       0.00%       0.00%       0.00%
          1                               stall_other                   Issue Stall Reasons (Other)       1.32%       1.32%       1.32%