--- SUMMARY ---

==14058== NVPROF is profiling process 14058, command: ./solver
==14058== Profiling application: ./solver
==14058== Profiling result:
            Type  Time(%)      Time     Calls       Avg       Min       Max  Name
 GPU activities:   91.77%  662.05ms         1  662.05ms  662.05ms  662.05ms  [CUDA memcpy DtoH]
                    7.71%  55.651ms         1  55.651ms  55.651ms  55.651ms  solver(integrationSettings, double*)
                    0.52%  3.7512ms         4  937.79us  1.3120us  1.8731ms  [CUDA memcpy HtoD]
No API activities were profiled.


--- SPECIFIC METRICS AND EVENTS ---

==14081== NVPROF is profiling process 14081, command: ./solver
==14081== Some kernel(s) will be replayed on device 0 in order to collect all events/metrics.
==14081== Profiling application: ./solver
==14081== Profiling result:
==14081== Event result:
Invocations                                Event Name         Min         Max         Avg       Total
Device "GeForce GTX TITAN Black (0)"
    Kernel: solver(integrationSettings, double*)
          1                         elapsed_cycles_sm   741069501   741069501   741069501   741069501
          1                             active_cycles   466800861   466800861   466800861   466800861

==14081== Metric result:
Invocations                               Metric Name                            Metric Description         Min         Max         Avg
Device "GeForce GTX TITAN Black (0)"
    Kernel: solver(integrationSettings, double*)
          1                             sm_efficiency                       Multiprocessor Activity      62.94%      62.94%      62.94%
          1                        achieved_occupancy                            Achieved Occupancy    0.423283    0.423283    0.423283
          1                  eligible_warps_per_cycle               Eligible Warps Per Active Cycle   10.382081   10.382081   10.382081
          1                      tex_cache_throughput                      Texture Cache Throughput  0.00000B/s  0.00000B/s  0.00000B/s
          1                      dram_read_throughput                 Device Memory Read Throughput  46.081GB/s  46.081GB/s  46.081GB/s
          1                     dram_write_throughput                Device Memory Write Throughput  48.151GB/s  48.151GB/s  48.151GB/s
          1                            gst_throughput                       Global Store Throughput  50.224GB/s  50.224GB/s  50.224GB/s
          1                            gld_throughput                        Global Load Throughput  106.27GB/s  106.27GB/s  106.27GB/s
          1                     local_load_throughput                  Local Memory Load Throughput  0.00000B/s  0.00000B/s  0.00000B/s
          1                    local_store_throughput                 Local Memory Store Throughput  0.00000B/s  0.00000B/s  0.00000B/s
          1              gld_transactions_per_request          Global Load Transactions Per Request    1.501895    1.501895    1.501895
          1              gst_transactions_per_request         Global Store Transactions Per Request    1.666656    1.666656    1.666656
          1                    shared_load_throughput                 Shared Memory Load Throughput  0.00000B/s  0.00000B/s  0.00000B/s
          1                  l1_cache_global_hit_rate                            L1 Global Hit Rate       0.00%       0.00%       0.00%
          1                   l1_cache_local_hit_rate                             L1 Local Hit Rate       0.00%       0.00%       0.00%
          1                   shared_store_throughput                Shared Memory Store Throughput  0.00000B/s  0.00000B/s  0.00000B/s
          1                        l2_read_throughput                         L2 Throughput (Reads)  106.28GB/s  106.28GB/s  106.28GB/s
          1                       l2_write_throughput                        L2 Throughput (Writes)  50.224GB/s  50.224GB/s  50.224GB/s
          1                     l2_l1_read_throughput                      L2 Throughput (L1 Reads)  106.27GB/s  106.27GB/s  106.27GB/s
          1                    l2_l1_write_throughput                     L2 Throughput (L1 Writes)  50.224GB/s  50.224GB/s  50.224GB/s
          1                l2_texture_read_throughput                 L2 Throughput (Texture Reads)  0.00000B/s  0.00000B/s  0.00000B/s
          1                            gld_efficiency                 Global Memory Load Efficiency      91.72%      91.72%      91.72%
          1                            gst_efficiency                Global Memory Store Efficiency      95.59%      95.59%      95.59%
          1                         shared_efficiency                      Shared Memory Efficiency       0.00%       0.00%       0.00%
          1                             flop_count_dp   Floating Point Operations(Double Precision)  2.7690e+10  2.7690e+10  2.7690e+10
          1                              inst_integer                          Integer Instructions  5551390720  5551390720  5551390720
          1                        inst_compute_ld_st                       Load/Store Instructions  1797390336  1797390336  1797390336
          1                        flop_dp_efficiency                  FLOP Efficiency(Peak Double)      29.19%      29.19%      29.19%
          1                     l1_shared_utilization                  L1/Shared Memory Utilization     Low (1)     Low (1)     Low (1)
          1                            l2_utilization                          L2 Cache Utilization     Low (2)     Low (2)     Low (2)
          1                           tex_utilization                     Texture Cache Utilization    Idle (0)    Idle (0)    Idle (0)
          1                          dram_utilization                     Device Memory Utilization     Mid (4)     Mid (4)     Mid (4)
          1                        sysmem_utilization                     System Memory Utilization     Low (1)     Low (1)     Low (1)
          1                       ldst_fu_utilization          Load/Store Function Unit Utilization     Low (3)     Low (3)     Low (3)
          1                        alu_fu_utilization          Arithmetic Function Unit Utilization    High (8)    High (8)    High (8)
          1                        tex_fu_utilization             Texture Function Unit Utilization    Idle (0)    Idle (0)    Idle (0)
          1                           stall_pipe_busy               Issue Stall Reasons (Pipe Busy)       4.18%       4.18%       4.18%
          1                     stall_exec_dependency    Issue Stall Reasons (Execution Dependency)      33.46%      33.46%      33.46%
          1                   stall_memory_dependency            Issue Stall Reasons (Data Request)      20.06%      20.06%      20.06%
          1                          stall_inst_fetch      Issue Stall Reasons (Instructions Fetch)       6.42%       6.42%       6.42%
          1                             stall_texture                 Issue Stall Reasons (Texture)       0.00%       0.00%       0.00%
          1                        stall_not_selected            Issue Stall Reasons (Not Selected)      28.05%      28.05%      28.05%
          1          stall_constant_memory_dependency      Issue Stall Reasons (Immediate constant)       0.00%       0.00%       0.00%
          1                     stall_memory_throttle         Issue Stall Reasons (Memory Throttle)       5.78%       5.78%       5.78%
          1                                stall_sync         Issue Stall Reasons (Synchronization)       0.00%       0.00%       0.00%
          1                               stall_other                   Issue Stall Reasons (Other)       2.05%       2.05%       2.05%
