--- SUMMARY ---

==12324== NVPROF is profiling process 12324, command: ./solver
==12324== Profiling application: ./solver
==12324== Profiling result:
            Type  Time(%)      Time     Calls       Avg       Min       Max  Name
 GPU activities:   93.02%  289.01ms         1  289.01ms  289.01ms  289.01ms  [CUDA memcpy DtoH]
                    4.49%  13.938ms         1  13.938ms  13.938ms  13.938ms  solver(integrationSettings, double*)
                    2.49%  7.7445ms         4  1.9361ms  1.2800us  3.8538ms  [CUDA memcpy HtoD]
No API activities were profiled.


--- SPECIFIC METRICS AND EVENTS ---

==12347== NVPROF is profiling process 12347, command: ./solver
==12347== Some kernel(s) will be replayed on device 0 in order to collect all events/metrics.
==12347== Profiling application: ./solver
==12347== Profiling result:
==12347== Event result:
Invocations                                Event Name         Min         Max         Avg       Total
Device "GeForce GTX TITAN Black (0)"
    Kernel: solver(integrationSettings, double*)
          1                         elapsed_cycles_sm   184028709   184028709   184028709   184028709
          1                             active_cycles   179258171   179258171   179258171   179258171

==12347== Metric result:
Invocations                               Metric Name                            Metric Description         Min         Max         Avg
Device "GeForce GTX TITAN Black (0)"
    Kernel: solver(integrationSettings, double*)
          1                             sm_efficiency                       Multiprocessor Activity      98.71%      98.71%      98.71%
          1                        achieved_occupancy                            Achieved Occupancy    0.430984    0.430984    0.430984
          1                  eligible_warps_per_cycle               Eligible Warps Per Active Cycle   11.227002   11.227002   11.227002
          1                      tex_cache_throughput                      Texture Cache Throughput  0.00000B/s  0.00000B/s  0.00000B/s
          1                      dram_read_throughput                 Device Memory Read Throughput  49.818GB/s  49.818GB/s  49.818GB/s
          1                     dram_write_throughput                Device Memory Write Throughput  76.925GB/s  76.925GB/s  76.925GB/s
          1                            gst_throughput                       Global Store Throughput  80.779GB/s  80.779GB/s  80.779GB/s
          1                            gld_throughput                        Global Load Throughput  169.38GB/s  169.38GB/s  169.38GB/s
          1                     local_load_throughput                  Local Memory Load Throughput  0.00000B/s  0.00000B/s  0.00000B/s
          1                    local_store_throughput                 Local Memory Store Throughput  0.00000B/s  0.00000B/s  0.00000B/s
          1              gld_transactions_per_request          Global Load Transactions Per Request    1.523001    1.523001    1.523001
          1              gst_transactions_per_request         Global Store Transactions Per Request    1.666556    1.666556    1.666556
          1                    shared_load_throughput                 Shared Memory Load Throughput  0.00000B/s  0.00000B/s  0.00000B/s
          1                  l1_cache_global_hit_rate                            L1 Global Hit Rate       0.00%       0.00%       0.00%
          1                   l1_cache_local_hit_rate                             L1 Local Hit Rate       0.00%       0.00%       0.00%
          1                   shared_store_throughput                Shared Memory Store Throughput  0.00000B/s  0.00000B/s  0.00000B/s
          1                        l2_read_throughput                         L2 Throughput (Reads)  169.39GB/s  169.39GB/s  169.39GB/s
          1                       l2_write_throughput                        L2 Throughput (Writes)  80.779GB/s  80.779GB/s  80.779GB/s
          1                     l2_l1_read_throughput                      L2 Throughput (L1 Reads)  169.38GB/s  169.38GB/s  169.38GB/s
          1                    l2_l1_write_throughput                     L2 Throughput (L1 Writes)  80.779GB/s  80.779GB/s  80.779GB/s
          1                l2_texture_read_throughput                 L2 Throughput (Texture Reads)  0.00000B/s  0.00000B/s  0.00000B/s
          1                            gld_efficiency                 Global Memory Load Efficiency      92.32%      92.32%      92.32%
          1                            gst_efficiency                Global Memory Store Efficiency      95.59%      95.59%      95.59%
          1                         shared_efficiency                      Shared Memory Efficiency       0.00%       0.00%       0.00%
          1                             flop_count_dp   Floating Point Operations(Double Precision)  1.1078e+10  1.1078e+10  1.1078e+10
          1                              inst_integer                          Integer Instructions  2137915392  2137915392  2137915392
          1                        inst_compute_ld_st                       Load/Store Instructions   698220544   698220544   698220544
          1                        flop_dp_efficiency                  FLOP Efficiency(Peak Double)      47.03%      47.03%      47.03%
          1                     l1_shared_utilization                  L1/Shared Memory Utilization     Low (1)     Low (1)     Low (1)
          1                            l2_utilization                          L2 Cache Utilization     Low (2)     Low (2)     Low (2)
          1                           tex_utilization                     Texture Cache Utilization    Idle (0)    Idle (0)    Idle (0)
          1                          dram_utilization                     Device Memory Utilization     Mid (5)     Mid (5)     Mid (5)
          1                        sysmem_utilization                     System Memory Utilization     Low (1)     Low (1)     Low (1)
          1                       ldst_fu_utilization          Load/Store Function Unit Utilization     Low (3)     Low (3)     Low (3)
          1                        alu_fu_utilization          Arithmetic Function Unit Utilization    High (8)    High (8)    High (8)
          1                        tex_fu_utilization             Texture Function Unit Utilization    Idle (0)    Idle (0)    Idle (0)
          1                           stall_pipe_busy               Issue Stall Reasons (Pipe Busy)       4.29%       4.29%       4.29%
          1                     stall_exec_dependency    Issue Stall Reasons (Execution Dependency)      32.24%      32.24%      32.24%
          1                   stall_memory_dependency            Issue Stall Reasons (Data Request)      18.03%      18.03%      18.03%
          1                          stall_inst_fetch      Issue Stall Reasons (Instructions Fetch)       6.37%       6.37%       6.37%
          1                             stall_texture                 Issue Stall Reasons (Texture)       0.00%       0.00%       0.00%
          1                        stall_not_selected            Issue Stall Reasons (Not Selected)      30.99%      30.99%      30.99%
          1          stall_constant_memory_dependency      Issue Stall Reasons (Immediate constant)       0.00%       0.00%       0.00%
          1                     stall_memory_throttle         Issue Stall Reasons (Memory Throttle)       5.89%       5.89%       5.89%
          1                                stall_sync         Issue Stall Reasons (Synchronization)       0.00%       0.00%       0.00%
          1                               stall_other                   Issue Stall Reasons (Other)       2.18%       2.18%       2.18%