--- SUMMARY ---

==23983== NVPROF is profiling process 23983, command: ./solver
==23983== Profiling application: ./solver
==23983== Profiling result:
            Type  Time(%)      Time     Calls       Avg       Min       Max  Name
 GPU activities:   92.75%  284.81ms         2  142.40ms  142.23ms  142.57ms  [CUDA memcpy DtoH]
                    4.82%  14.799ms         1  14.799ms  14.799ms  14.799ms  solver(integrationSettings, double*)
                    2.43%  7.4698ms         6  1.2450ms  1.5040us  1.8979ms  [CUDA memcpy HtoD]
No API activities were profiled.


--- SPECIFIC METRICS AND EVENTS ---

==24006== NVPROF is profiling process 24006, command: ./solver
==24006== Some kernel(s) will be replayed on device 0 in order to collect all events/metrics.
==24006== Profiling application: ./solver
==24006== Profiling result:
==24006== Event result:
Invocations                                Event Name         Min         Max         Avg       Total
Device "GeForce GTX TITAN Black (0)"
    Kernel: solver(integrationSettings, double*)
          1                         elapsed_cycles_sm   196916472   196916472   196916472   196916472
          1                             active_cycles   171440256   171440256   171440256   171440256

==24006== Metric result:
Invocations                               Metric Name                            Metric Description         Min         Max         Avg
Device "GeForce GTX TITAN Black (0)"
    Kernel: solver(integrationSettings, double*)
          1                             sm_efficiency                       Multiprocessor Activity      87.06%      87.06%      87.06%
          1                        achieved_occupancy                            Achieved Occupancy    0.243358    0.243358    0.243358
          1                  eligible_warps_per_cycle               Eligible Warps Per Active Cycle    5.697176    5.697176    5.697176
          1                      tex_cache_throughput                      Texture Cache Throughput  0.00000B/s  0.00000B/s  0.00000B/s
          1                      dram_read_throughput                 Device Memory Read Throughput  46.158GB/s  46.158GB/s  46.158GB/s
          1                     dram_write_throughput                Device Memory Write Throughput  70.971GB/s  70.971GB/s  70.971GB/s
          1                            gst_throughput                       Global Store Throughput  72.710GB/s  72.710GB/s  72.710GB/s
          1                            gld_throughput                        Global Load Throughput  149.08GB/s  149.08GB/s  149.08GB/s
          1                     local_load_throughput                  Local Memory Load Throughput  0.00000B/s  0.00000B/s  0.00000B/s
          1                    local_store_throughput                 Local Memory Store Throughput  0.00000B/s  0.00000B/s  0.00000B/s
          1              gld_transactions_per_request          Global Load Transactions Per Request    1.687146    1.687146    1.687146
          1              gst_transactions_per_request         Global Store Transactions Per Request    1.799920    1.799920    1.799920
          1                    shared_load_throughput                 Shared Memory Load Throughput  0.00000B/s  0.00000B/s  0.00000B/s
          1                  l1_cache_global_hit_rate                            L1 Global Hit Rate       0.00%       0.00%       0.00%
          1                   l1_cache_local_hit_rate                             L1 Local Hit Rate       0.00%       0.00%       0.00%
          1                   shared_store_throughput                Shared Memory Store Throughput  0.00000B/s  0.00000B/s  0.00000B/s
          1                        l2_read_throughput                         L2 Throughput (Reads)  149.09GB/s  149.09GB/s  149.09GB/s
          1                       l2_write_throughput                        L2 Throughput (Writes)  72.710GB/s  72.710GB/s  72.710GB/s
          1                     l2_l1_read_throughput                      L2 Throughput (L1 Reads)  149.08GB/s  149.08GB/s  149.08GB/s
          1                    l2_l1_write_throughput                     L2 Throughput (L1 Writes)  72.710GB/s  72.710GB/s  72.710GB/s
          1                l2_texture_read_throughput                 L2 Throughput (Texture Reads)  0.00000B/s  0.00000B/s  0.00000B/s
          1                            gld_efficiency                 Global Memory Load Efficiency      95.93%      95.93%      95.93%
          1                            gst_efficiency                Global Memory Store Efficiency      97.73%      97.73%      97.73%
          1                         shared_efficiency                      Shared Memory Efficiency       0.00%       0.00%       0.00%
          1                             flop_count_dp   Floating Point Operations(Double Precision)  9012183040  9012183040  9012183040
          1                              inst_integer                          Integer Instructions  1462337536  1462337536  1462337536
          1                        inst_compute_ld_st                       Load/Store Instructions   545816576   545816576   545816576
          1                        flop_dp_efficiency                  FLOP Efficiency(Peak Double)      35.76%      35.76%      35.76%
          1                     l1_shared_utilization                  L1/Shared Memory Utilization     Low (1)     Low (1)     Low (1)
          1                            l2_utilization                          L2 Cache Utilization     Low (2)     Low (2)     Low (2)
          1                           tex_utilization                     Texture Cache Utilization    Idle (0)    Idle (0)    Idle (0)
          1                          dram_utilization                     Device Memory Utilization     Mid (4)     Mid (4)     Mid (4)
          1                        sysmem_utilization                     System Memory Utilization     Low (1)     Low (1)     Low (1)
          1                       ldst_fu_utilization          Load/Store Function Unit Utilization     Low (2)     Low (2)     Low (2)
          1                        alu_fu_utilization          Arithmetic Function Unit Utilization    High (7)    High (7)    High (7)
          1                        tex_fu_utilization             Texture Function Unit Utilization    Idle (0)    Idle (0)    Idle (0)
          1                           stall_pipe_busy               Issue Stall Reasons (Pipe Busy)       4.94%       4.94%       4.94%
          1                     stall_exec_dependency    Issue Stall Reasons (Execution Dependency)      33.49%      33.49%      33.49%
          1                   stall_memory_dependency            Issue Stall Reasons (Data Request)      14.13%      14.13%      14.13%
          1                          stall_inst_fetch      Issue Stall Reasons (Instructions Fetch)       7.90%       7.90%       7.90%
          1                             stall_texture                 Issue Stall Reasons (Texture)       0.00%       0.00%       0.00%
          1                        stall_not_selected            Issue Stall Reasons (Not Selected)      21.18%      21.18%      21.18%
          1          stall_constant_memory_dependency      Issue Stall Reasons (Immediate constant)       0.01%       0.01%       0.01%
          1                     stall_memory_throttle         Issue Stall Reasons (Memory Throttle)      16.66%      16.66%      16.66%
          1                                stall_sync         Issue Stall Reasons (Synchronization)       0.00%       0.00%       0.00%
          1                               stall_other                   Issue Stall Reasons (Other)       1.70%       1.70%       1.70%
